0 verbose cli /Users/mustakimshaikh/.nvm/versions/node/v20.20.0/bin/node /Users/mustakimshaikh/.nvm/versions/node/v20.20.0/bin/npm
1 info using npm@10.8.2
2 info using node@v20.20.0
3 silly config load:file:/Users/mustakimshaikh/.nvm/versions/node/v20.20.0/lib/node_modules/npm/npmrc
4 silly config load:file:/Users/mustakimshaikh/Downloads/code_front/tiny-nest-app/.npmrc
5 silly config load:file:/Users/mustakimshaikh/.npmrc
6 warn config optional Use `--omit=optional` to exclude optional dependencies, or
6 warn config `--include=optional` to include them.
6 warn config
6 warn config       Default value does install optional deps unless otherwise omitted.
7 silly config load:file:/Users/mustakimshaikh/.nvm/versions/node/v20.20.0/etc/npmrc
8 verbose title npm install next react react-dom lucide-react clsx tailwind-merge jose lowdb@7.0.1
9 verbose argv "install" "next" "react" "react-dom" "lucide-react" "clsx" "tailwind-merge" "jose" "lowdb@7.0.1" "--cache" "./.npm_cache"
10 verbose logfile logs-max:10 dir:/Users/mustakimshaikh/Downloads/code_front/tiny-nest-app/.npm_cache/_logs/2026-03-19T04_17_46_430Z-
11 verbose logfile /Users/mustakimshaikh/Downloads/code_front/tiny-nest-app/.npm_cache/_logs/2026-03-19T04_17_46_430Z-debug-0.log
12 silly packumentCache heap:2197815296 maxSize:549453824 maxEntrySize:274726912
13 silly logfile done cleaning log files
14 silly idealTree buildDeps
15 silly fetch manifest next@*
16 silly packumentCache full:https://registry.npmmirror.com/next cache-miss
17 http fetch GET 200 https://registry.npmmirror.com/npm 453ms
18 http fetch GET 200 https://registry.npmmirror.com/next 1014ms (cache miss)
19 silly packumentCache full:https://registry.npmmirror.com/next set size:3222193 disposed:false
20 silly fetch manifest @opentelemetry/api@^1.1.0
21 silly packumentCache full:https://registry.npmmirror.com/@opentelemetry%2fapi cache-miss
22 http fetch GET 200 https://registry.npmmirror.com/@opentelemetry%2fapi 107ms (cache miss)
23 silly packumentCache full:https://registry.npmmirror.com/@opentelemetry%2fapi set size:33883 disposed:false
24 silly fetch manifest @playwright/test@^1.51.1
25 silly packumentCache full:https://registry.npmmirror.com/@playwright%2ftest cache-miss
26 http fetch GET 200 https://registry.npmmirror.com/@playwright%2ftest 312ms (cache miss)
27 silly packumentCache full:https://registry.npmmirror.com/@playwright%2ftest set size:1666396 disposed:false
28 silly fetch manifest babel-plugin-react-compiler@*
29 silly packumentCache full:https://registry.npmmirror.com/babel-plugin-react-compiler cache-miss
30 http fetch GET 200 https://registry.npmmirror.com/babel-plugin-react-compiler 106ms (cache miss)
31 silly packumentCache full:https://registry.npmmirror.com/babel-plugin-react-compiler set size:163339 disposed:false
32 silly fetch manifest react@*
33 silly packumentCache full:https://registry.npmmirror.com/react cache-miss
34 http fetch GET 200 https://registry.npmmirror.com/react 225ms (cache miss)
35 silly packumentCache full:https://registry.npmmirror.com/react set size:1194900 disposed:false
36 silly fetch manifest react-dom@*
37 silly packumentCache full:https://registry.npmmirror.com/react-dom cache-miss
38 http fetch GET 200 https://registry.npmmirror.com/react-dom 465ms (cache miss)
39 silly packumentCache full:https://registry.npmmirror.com/react-dom set size:1359194 disposed:false
40 silly fetch manifest sass@^1.3.0
41 silly packumentCache full:https://registry.npmmirror.com/sass cache-miss
42 http fetch GET 200 https://registry.npmmirror.com/sass 54ms (cache miss)
43 silly packumentCache full:https://registry.npmmirror.com/sass set size:125288 disposed:false
44 silly fetch manifest lucide-react@*
45 silly packumentCache full:https://registry.npmmirror.com/lucide-react cache-miss
46 http fetch GET 200 https://registry.npmmirror.com/lucide-react 533ms (cache miss)
47 silly packumentCache full:https://registry.npmmirror.com/lucide-react set size:406648 disposed:false
48 silly fetch manifest clsx@*
49 silly packumentCache full:https://registry.npmmirror.com/clsx cache-miss
50 http fetch GET 200 https://registry.npmmirror.com/clsx 450ms (cache miss)
51 silly packumentCache full:https://registry.npmmirror.com/clsx set size:9149 disposed:false
52 silly fetch manifest tailwind-merge@*
53 silly packumentCache full:https://registry.npmmirror.com/tailwind-merge cache-miss
54 http fetch GET 200 https://registry.npmmirror.com/tailwind-merge 151ms (cache miss)
55 silly packumentCache full:https://registry.npmmirror.com/tailwind-merge set size:251075 disposed:false
56 silly fetch manifest jose@*
57 silly packumentCache full:https://registry.npmmirror.com/jose cache-miss
58 http fetch GET 200 https://registry.npmmirror.com/jose 121ms (cache miss)
59 silly packumentCache full:https://registry.npmmirror.com/jose set size:184216 disposed:false
60 silly fetch manifest lowdb@7.0.1
61 silly packumentCache full:https://registry.npmmirror.com/lowdb cache-miss
62 http fetch GET 200 https://registry.npmmirror.com/lowdb 103ms (cache miss)
63 silly packumentCache full:https://registry.npmmirror.com/lowdb set size:36633 disposed:false
64 silly placeDep ROOT clsx@2.1.1 OK for: tiny-nest-app@1.0.0 want: *
65 silly placeDep ROOT jose@6.2.2 OK for: tiny-nest-app@1.0.0 want: *
66 silly placeDep ROOT lowdb@7.0.1 OK for: tiny-nest-app@1.0.0 want: 7.0.1
67 silly placeDep ROOT lucide-react@0.577.0 OK for: tiny-nest-app@1.0.0 want: *
68 silly placeDep ROOT react@19.2.4 OK for: lucide-react@0.577.0 want: ^16.5.1 || ^17.0.0 || ^18.0.0 || ^19.0.0
69 silly placeDep ROOT next@16.2.0 OK for: tiny-nest-app@1.0.0 want: *
70 silly placeDep ROOT react-dom@19.2.4 OK for: next@16.2.0 want: ^18.2.0 || 19.0.0-rc-de68d2f4-20241204 || ^19.0.0
71 silly placeDep ROOT react@19.2.4 REPLACE for: tiny-nest-app@1.0.0 want: *
72 silly placeDep ROOT react-dom@19.2.4 REPLACE for: tiny-nest-app@1.0.0 want: *
73 silly placeDep ROOT tailwind-merge@3.5.0 OK for: tiny-nest-app@1.0.0 want: *
74 silly fetch manifest steno@^4.0.2
75 silly packumentCache full:https://registry.npmmirror.com/steno cache-miss
76 silly fetch manifest @next/env@16.2.0
77 silly packumentCache full:https://registry.npmmirror.com/@next%2fenv cache-miss
78 silly fetch manifest @swc/helpers@0.5.15
79 silly packumentCache full:https://registry.npmmirror.com/@swc%2fhelpers cache-miss
80 silly fetch manifest baseline-browser-mapping@^2.9.19
81 silly packumentCache full:https://registry.npmmirror.com/baseline-browser-mapping cache-miss
82 silly fetch manifest caniuse-lite@^1.0.30001579
83 silly packumentCache full:https://registry.npmmirror.com/caniuse-lite cache-miss
84 silly fetch manifest postcss@8.4.31
85 silly packumentCache full:https://registry.npmmirror.com/postcss cache-miss
86 silly fetch manifest styled-jsx@5.1.6
87 silly packumentCache full:https://registry.npmmirror.com/styled-jsx cache-miss
88 http fetch GET 200 https://registry.npmmirror.com/steno 102ms (cache miss)
89 silly packumentCache full:https://registry.npmmirror.com/steno set size:10247 disposed:false
90 silly fetch manifest sharp@^0.34.5
91 silly packumentCache full:https://registry.npmmirror.com/sharp cache-miss
92 http fetch GET 200 https://registry.npmmirror.com/sharp 109ms (cache miss)
93 silly packumentCache full:https://registry.npmmirror.com/sharp set size:120161 disposed:false
94 silly fetch manifest @next/swc-darwin-arm64@16.2.0
95 silly packumentCache full:https://registry.npmmirror.com/@next%2fswc-darwin-arm64 cache-miss
96 http fetch GET 200 https://registry.npmmirror.com/baseline-browser-mapping 229ms (cache miss)
97 silly packumentCache full:https://registry.npmmirror.com/baseline-browser-mapping set size:58518 disposed:false
98 silly fetch manifest @next/swc-darwin-x64@16.2.0
99 silly packumentCache full:https://registry.npmmirror.com/@next%2fswc-darwin-x64 cache-miss
100 http fetch GET 200 https://registry.npmmirror.com/postcss 233ms (cache miss)
101 silly packumentCache full:https://registry.npmmirror.com/postcss set size:95216 disposed:false
102 silly fetch manifest @next/swc-linux-arm64-gnu@16.2.0
103 silly packumentCache full:https://registry.npmmirror.com/@next%2fswc-linux-arm64-gnu cache-miss
104 http fetch GET 200 https://registry.npmmirror.com/@swc%2fhelpers 313ms (cache miss)
105 silly packumentCache full:https://registry.npmmirror.com/@swc%2fhelpers set size:101651 disposed:false
106 silly fetch manifest @next/swc-linux-arm64-musl@16.2.0
107 silly packumentCache full:https://registry.npmmirror.com/@next%2fswc-linux-arm64-musl cache-miss
108 http fetch GET 200 https://registry.npmmirror.com/caniuse-lite 321ms (cache miss)
109 silly packumentCache full:https://registry.npmmirror.com/caniuse-lite set size:361577 disposed:false
110 silly fetch manifest @next/swc-linux-x64-gnu@16.2.0
111 silly packumentCache full:https://registry.npmmirror.com/@next%2fswc-linux-x64-gnu cache-miss
112 http fetch GET 200 https://registry.npmmirror.com/styled-jsx 609ms (cache miss)
113 silly packumentCache full:https://registry.npmmirror.com/styled-jsx set size:65585 disposed:false
114 silly fetch manifest @next/swc-linux-x64-musl@16.2.0
115 silly packumentCache full:https://registry.npmmirror.com/@next%2fswc-linux-x64-musl cache-miss
116 http fetch GET 200 https://registry.npmmirror.com/@next%2fenv 688ms (cache miss)
117 silly packumentCache full:https://registry.npmmirror.com/@next%2fenv set size:1209944 disposed:false
118 silly fetch manifest @next/swc-win32-arm64-msvc@16.2.0
119 silly packumentCache full:https://registry.npmmirror.com/@next%2fswc-win32-arm64-msvc cache-miss
120 http fetch GET 200 https://registry.npmmirror.com/@next%2fswc-darwin-arm64 601ms (cache miss)
121 silly packumentCache full:https://registry.npmmirror.com/@next%2fswc-darwin-arm64 set size:1109713 disposed:false
122 silly fetch manifest @next/swc-win32-x64-msvc@16.2.0
123 silly packumentCache full:https://registry.npmmirror.com/@next%2fswc-win32-x64-msvc cache-miss
124 http fetch GET 200 https://registry.npmmirror.com/@next%2fswc-linux-arm64-gnu 695ms (cache miss)
125 silly packumentCache full:https://registry.npmmirror.com/@next%2fswc-linux-arm64-gnu set size:1083143 disposed:false
126 silly fetch manifest scheduler@^0.27.0
127 silly packumentCache full:https://registry.npmmirror.com/scheduler cache-miss
128 http fetch GET 200 https://registry.npmmirror.com/@next%2fswc-darwin-x64 795ms (cache miss)
129 silly packumentCache full:https://registry.npmmirror.com/@next%2fswc-darwin-x64 set size:1103740 disposed:false
130 silly fetch manifest scheduler@^0.27.0
131 silly packumentCache full:https://registry.npmmirror.com/scheduler cache-miss
132 http fetch GET 200 https://registry.npmmirror.com/@next%2fswc-linux-arm64-musl 761ms (cache miss)
133 silly packumentCache full:https://registry.npmmirror.com/@next%2fswc-linux-arm64-musl set size:1082258 disposed:false
134 http fetch GET 200 https://registry.npmmirror.com/@next%2fswc-linux-x64-gnu 790ms (cache miss)
135 silly packumentCache full:https://registry.npmmirror.com/@next%2fswc-linux-x64-gnu set size:1110234 disposed:false
136 http fetch GET 200 https://registry.npmmirror.com/scheduler 201ms (cache miss)
137 silly packumentCache full:https://registry.npmmirror.com/scheduler set size:1117916 disposed:false
138 http fetch GET 200 https://registry.npmmirror.com/@next%2fswc-win32-arm64-msvc 604ms (cache miss)
139 silly packumentCache full:https://registry.npmmirror.com/@next%2fswc-win32-arm64-msvc set size:1083871 disposed:false
140 http fetch GET 200 https://registry.npmmirror.com/@next%2fswc-win32-x64-msvc 612ms (cache miss)
141 silly packumentCache full:https://registry.npmmirror.com/@next%2fswc-win32-x64-msvc set size:1106075 disposed:false
142 http fetch GET 200 https://registry.npmmirror.com/@next%2fswc-linux-x64-musl 861ms (cache miss)
143 silly packumentCache full:https://registry.npmmirror.com/@next%2fswc-linux-x64-musl set size:1077567 disposed:false
144 http fetch GET 200 https://registry.npmmirror.com/scheduler 451ms (cache miss)
145 silly packumentCache full:https://registry.npmmirror.com/scheduler set size:1117916 disposed:false
146 silly placeDep ROOT steno@4.0.2 OK for: lowdb@7.0.1 want: ^4.0.2
147 silly fetch manifest react@^18.2.0 || 19.0.0-rc-de68d2f4-20241204 || ^19.0.0
148 silly packumentCache full:https://registry.npmmirror.com/react cache-miss
149 http fetch GET 200 https://registry.npmmirror.com/react 9ms (cache hit)
150 silly packumentCache full:https://registry.npmmirror.com/react set size:6281416 disposed:false
151 silly placeDep ROOT @next/env@16.2.0 OK for: next@16.2.0 want: 16.2.0
152 silly placeDep ROOT @next/swc-darwin-arm64@16.2.0 OK for: next@16.2.0 want: 16.2.0
153 silly placeDep ROOT @next/swc-darwin-x64@16.2.0 OK for: next@16.2.0 want: 16.2.0
154 silly placeDep ROOT @next/swc-linux-arm64-gnu@16.2.0 OK for: next@16.2.0 want: 16.2.0
155 silly placeDep ROOT @next/swc-linux-arm64-musl@16.2.0 OK for: next@16.2.0 want: 16.2.0
156 silly placeDep ROOT @next/swc-linux-x64-gnu@16.2.0 OK for: next@16.2.0 want: 16.2.0
157 silly placeDep ROOT @next/swc-linux-x64-musl@16.2.0 OK for: next@16.2.0 want: 16.2.0
158 silly placeDep ROOT @next/swc-win32-arm64-msvc@16.2.0 OK for: next@16.2.0 want: 16.2.0
159 silly placeDep ROOT @next/swc-win32-x64-msvc@16.2.0 OK for: next@16.2.0 want: 16.2.0
160 silly placeDep ROOT @swc/helpers@0.5.15 OK for: next@16.2.0 want: 0.5.15
161 silly placeDep ROOT baseline-browser-mapping@2.10.8 OK for: next@16.2.0 want: ^2.9.19
162 silly placeDep ROOT caniuse-lite@1.0.30001780 OK for: next@16.2.0 want: ^1.0.30001579
163 silly placeDep ROOT postcss@8.4.31 OK for: next@16.2.0 want: 8.4.31
164 silly placeDep ROOT sharp@0.34.5 OK for: next@16.2.0 want: ^0.34.5
165 silly placeDep ROOT styled-jsx@5.1.6 OK for: next@16.2.0 want: 5.1.6
166 silly fetch manifest tslib@^2.8.0
167 silly packumentCache full:https://registry.npmmirror.com/tslib cache-miss
168 silly fetch manifest nanoid@^3.3.6
169 silly packumentCache full:https://registry.npmmirror.com/nanoid cache-miss
170 silly fetch manifest picocolors@^1.0.0
171 silly packumentCache full:https://registry.npmmirror.com/picocolors cache-miss
172 silly fetch manifest source-map-js@^1.0.2
173 silly packumentCache full:https://registry.npmmirror.com/source-map-js cache-miss
174 silly fetch manifest @img/colour@^1.0.0
175 silly packumentCache full:https://registry.npmmirror.com/@img%2fcolour cache-miss
176 silly fetch manifest detect-libc@^2.1.2
177 silly packumentCache full:https://registry.npmmirror.com/detect-libc cache-miss
178 silly fetch manifest semver@^7.7.3
179 silly packumentCache full:https://registry.npmmirror.com/semver cache-miss
180 http fetch GET 200 https://registry.npmmirror.com/detect-libc 45ms (cache miss)
181 silly packumentCache full:https://registry.npmmirror.com/detect-libc set size:10958 disposed:false
182 silly fetch manifest @img/sharp-darwin-arm64@0.34.5
183 silly packumentCache full:https://registry.npmmirror.com/@img%2fsharp-darwin-arm64 cache-miss
184 http fetch GET 200 https://registry.npmmirror.com/picocolors 49ms (cache miss)
185 silly packumentCache full:https://registry.npmmirror.com/picocolors set size:4040 disposed:false
186 silly fetch manifest @img/sharp-darwin-x64@0.34.5
187 silly packumentCache full:https://registry.npmmirror.com/@img%2fsharp-darwin-x64 cache-miss
188 http fetch GET 200 https://registry.npmmirror.com/nanoid 54ms (cache miss)
189 silly packumentCache full:https://registry.npmmirror.com/nanoid set size:45949 disposed:false
190 silly fetch manifest @img/sharp-libvips-darwin-arm64@1.2.4
191 silly packumentCache full:https://registry.npmmirror.com/@img%2fsharp-libvips-darwin-arm64 cache-miss
192 http fetch GET 200 https://registry.npmmirror.com/source-map-js 56ms (cache miss)
193 silly packumentCache full:https://registry.npmmirror.com/source-map-js set size:14399 disposed:false
194 silly fetch manifest @img/sharp-libvips-darwin-x64@1.2.4
195 silly packumentCache full:https://registry.npmmirror.com/@img%2fsharp-libvips-darwin-x64 cache-miss
196 http fetch GET 200 https://registry.npmmirror.com/semver 89ms (cache miss)
197 silly packumentCache full:https://registry.npmmirror.com/semver set size:44826 disposed:false
198 silly fetch manifest @img/sharp-libvips-linux-arm@1.2.4
199 silly packumentCache full:https://registry.npmmirror.com/@img%2fsharp-libvips-linux-arm cache-miss
200 http fetch GET 200 https://registry.npmmirror.com/@img%2fcolour 98ms (cache miss)
201 silly packumentCache full:https://registry.npmmirror.com/@img%2fcolour set size:3036 disposed:false
202 silly fetch manifest @img/sharp-libvips-linux-arm64@1.2.4
203 silly packumentCache full:https://registry.npmmirror.com/@img%2fsharp-libvips-linux-arm64 cache-miss
204 http fetch GET 200 https://registry.npmmirror.com/tslib 101ms (cache miss)
205 silly packumentCache full:https://registry.npmmirror.com/tslib set size:33171 disposed:false
206 silly fetch manifest @img/sharp-libvips-linux-ppc64@1.2.4
207 silly packumentCache full:https://registry.npmmirror.com/@img%2fsharp-libvips-linux-ppc64 cache-miss
208 http fetch GET 200 https://registry.npmmirror.com/@img%2fsharp-darwin-arm64 94ms (cache miss)
209 silly packumentCache full:https://registry.npmmirror.com/@img%2fsharp-darwin-arm64 set size:13687 disposed:false
210 silly fetch manifest @img/sharp-libvips-linux-riscv64@1.2.4
211 silly packumentCache full:https://registry.npmmirror.com/@img%2fsharp-libvips-linux-riscv64 cache-miss
212 http fetch GET 200 https://registry.npmmirror.com/@img%2fsharp-libvips-darwin-arm64 95ms (cache miss)
213 silly packumentCache full:https://registry.npmmirror.com/@img%2fsharp-libvips-darwin-arm64 set size:11782 disposed:false
214 silly fetch manifest @img/sharp-libvips-linux-s390x@1.2.4
215 silly packumentCache full:https://registry.npmmirror.com/@img%2fsharp-libvips-linux-s390x cache-miss
216 http fetch GET 200 https://registry.npmmirror.com/@img%2fsharp-darwin-x64 103ms (cache miss)
217 silly packumentCache full:https://registry.npmmirror.com/@img%2fsharp-darwin-x64 set size:13893 disposed:false
218 silly fetch manifest @img/sharp-libvips-linux-x64@1.2.4
219 silly packumentCache full:https://registry.npmmirror.com/@img%2fsharp-libvips-linux-x64 cache-miss
220 http fetch GET 200 https://registry.npmmirror.com/@img%2fsharp-libvips-darwin-x64 98ms (cache miss)
221 silly packumentCache full:https://registry.npmmirror.com/@img%2fsharp-libvips-darwin-x64 set size:11668 disposed:false
222 silly fetch manifest @img/sharp-libvips-linuxmusl-arm64@1.2.4
223 silly packumentCache full:https://registry.npmmirror.com/@img%2fsharp-libvips-linuxmusl-arm64 cache-miss
224 http fetch GET 200 https://registry.npmmirror.com/@img%2fsharp-libvips-linux-arm 112ms (cache miss)
225 silly packumentCache full:https://registry.npmmirror.com/@img%2fsharp-libvips-linux-arm set size:13007 disposed:false
226 silly fetch manifest @img/sharp-libvips-linuxmusl-x64@1.2.4
227 silly packumentCache full:https://registry.npmmirror.com/@img%2fsharp-libvips-linuxmusl-x64 cache-miss
228 http fetch GET 200 https://registry.npmmirror.com/@img%2fsharp-libvips-linux-arm64 107ms (cache miss)
229 silly packumentCache full:https://registry.npmmirror.com/@img%2fsharp-libvips-linux-arm64 set size:12171 disposed:false
230 silly fetch manifest @img/sharp-linux-arm@0.34.5
231 silly packumentCache full:https://registry.npmmirror.com/@img%2fsharp-linux-arm cache-miss
232 http fetch GET 200 https://registry.npmmirror.com/@img%2fsharp-libvips-linux-ppc64 119ms (cache miss)
233 silly packumentCache full:https://registry.npmmirror.com/@img%2fsharp-libvips-linux-ppc64 set size:9734 disposed:false
234 silly fetch manifest @img/sharp-linux-arm64@0.34.5
235 silly packumentCache full:https://registry.npmmirror.com/@img%2fsharp-linux-arm64 cache-miss
236 http fetch GET 200 https://registry.npmmirror.com/@img%2fsharp-libvips-linux-riscv64 92ms (cache miss)
237 silly packumentCache full:https://registry.npmmirror.com/@img%2fsharp-libvips-linux-riscv64 set size:6761 disposed:false
238 silly fetch manifest @img/sharp-linux-ppc64@0.34.5
239 silly packumentCache full:https://registry.npmmirror.com/@img%2fsharp-linux-ppc64 cache-miss
240 http fetch GET 200 https://registry.npmmirror.com/@img%2fsharp-libvips-linux-s390x 94ms (cache miss)
241 silly packumentCache full:https://registry.npmmirror.com/@img%2fsharp-libvips-linux-s390x set size:11558 disposed:false
242 silly fetch manifest @img/sharp-linux-riscv64@0.34.5
243 silly packumentCache full:https://registry.npmmirror.com/@img%2fsharp-linux-riscv64 cache-miss
244 http fetch GET 200 https://registry.npmmirror.com/@img%2fsharp-libvips-linuxmusl-arm64 94ms (cache miss)
245 silly packumentCache full:https://registry.npmmirror.com/@img%2fsharp-libvips-linuxmusl-arm64 set size:11821 disposed:false
246 silly fetch manifest @img/sharp-linux-s390x@0.34.5
247 silly packumentCache full:https://registry.npmmirror.com/@img%2fsharp-linux-s390x cache-miss
248 http fetch GET 200 https://registry.npmmirror.com/@img%2fsharp-libvips-linuxmusl-x64 100ms (cache miss)
249 silly packumentCache full:https://registry.npmmirror.com/@img%2fsharp-libvips-linuxmusl-x64 set size:11870 disposed:false
250 silly fetch manifest @img/sharp-linux-x64@0.34.5
251 silly packumentCache full:https://registry.npmmirror.com/@img%2fsharp-linux-x64 cache-miss
252 http fetch GET 200 https://registry.npmmirror.com/@img%2fsharp-linux-arm 99ms (cache miss)
253 silly packumentCache full:https://registry.npmmirror.com/@img%2fsharp-linux-arm set size:13984 disposed:false
254 silly fetch manifest @img/sharp-linuxmusl-arm64@0.34.5
255 silly packumentCache full:https://registry.npmmirror.com/@img%2fsharp-linuxmusl-arm64 cache-miss
256 http fetch GET 200 https://registry.npmmirror.com/@img%2fsharp-linux-arm64 100ms (cache miss)
257 silly packumentCache full:https://registry.npmmirror.com/@img%2fsharp-linux-arm64 set size:14020 disposed:false
258 silly fetch manifest @img/sharp-linuxmusl-x64@0.34.5
259 silly packumentCache full:https://registry.npmmirror.com/@img%2fsharp-linuxmusl-x64 cache-miss
260 http fetch GET 200 https://registry.npmmirror.com/@img%2fsharp-libvips-linux-x64 168ms (cache miss)
261 silly packumentCache full:https://registry.npmmirror.com/@img%2fsharp-libvips-linux-x64 set size:12406 disposed:false
262 silly fetch manifest @img/sharp-wasm32@0.34.5
263 silly packumentCache full:https://registry.npmmirror.com/@img%2fsharp-wasm32 cache-miss
264 http fetch GET 200 https://registry.npmmirror.com/@img%2fsharp-linux-ppc64 94ms (cache miss)
265 silly packumentCache full:https://registry.npmmirror.com/@img%2fsharp-linux-ppc64 set size:6972 disposed:false
266 silly fetch manifest @img/sharp-win32-arm64@0.34.5
267 silly packumentCache full:https://registry.npmmirror.com/@img%2fsharp-win32-arm64 cache-miss
268 http fetch GET 200 https://registry.npmmirror.com/@img%2fsharp-linux-riscv64 92ms (cache miss)
269 silly packumentCache full:https://registry.npmmirror.com/@img%2fsharp-linux-riscv64 set size:2978 disposed:false
270 silly fetch manifest @img/sharp-win32-ia32@0.34.5
271 silly packumentCache full:https://registry.npmmirror.com/@img%2fsharp-win32-ia32 cache-miss
272 http fetch GET 200 https://registry.npmmirror.com/@img%2fsharp-linux-s390x 96ms (cache miss)
273 silly packumentCache full:https://registry.npmmirror.com/@img%2fsharp-linux-s390x set size:13691 disposed:false
274 silly fetch manifest @img/sharp-win32-x64@0.34.5
275 silly packumentCache full:https://registry.npmmirror.com/@img%2fsharp-win32-x64 cache-miss
276 http fetch GET 200 https://registry.npmmirror.com/@img%2fsharp-linux-x64 95ms (cache miss)
277 silly packumentCache full:https://registry.npmmirror.com/@img%2fsharp-linux-x64 set size:14058 disposed:false
278 silly fetch manifest client-only@0.0.1
279 silly packumentCache full:https://registry.npmmirror.com/client-only cache-miss
280 http fetch GET 200 https://registry.npmmirror.com/@img%2fsharp-linuxmusl-arm64 100ms (cache miss)
281 silly packumentCache full:https://registry.npmmirror.com/@img%2fsharp-linuxmusl-arm64 set size:13993 disposed:false
282 http fetch GET 200 https://registry.npmmirror.com/@img%2fsharp-win32-arm64 91ms (cache miss)
283 silly packumentCache full:https://registry.npmmirror.com/@img%2fsharp-win32-arm64 set size:6595 disposed:false
284 http fetch GET 200 https://registry.npmmirror.com/@img%2fsharp-wasm32 101ms (cache miss)
285 silly packumentCache full:https://registry.npmmirror.com/@img%2fsharp-wasm32 set size:14002 disposed:false
286 http fetch GET 200 https://registry.npmmirror.com/@img%2fsharp-win32-ia32 106ms (cache miss)
287 silly packumentCache full:https://registry.npmmirror.com/@img%2fsharp-win32-ia32 set size:14860 disposed:false
288 http fetch GET 200 https://registry.npmmirror.com/@img%2fsharp-win32-x64 97ms (cache miss)
289 silly packumentCache full:https://registry.npmmirror.com/@img%2fsharp-win32-x64 set size:14732 disposed:false
290 http fetch GET 200 https://registry.npmmirror.com/@img%2fsharp-linuxmusl-x64 186ms (cache miss)
291 silly packumentCache full:https://registry.npmmirror.com/@img%2fsharp-linuxmusl-x64 set size:14105 disposed:false
292 http fetch GET 200 https://registry.npmmirror.com/client-only 434ms (cache miss)
293 silly packumentCache full:https://registry.npmmirror.com/client-only set size:1752 disposed:false
294 silly placeDep ROOT tslib@2.8.1 OK for: @swc/helpers@0.5.15 want: ^2.8.0
295 silly placeDep ROOT nanoid@3.3.11 OK for: postcss@8.4.31 want: ^3.3.6
296 silly placeDep ROOT picocolors@1.1.1 OK for: postcss@8.4.31 want: ^1.0.0
297 silly placeDep ROOT source-map-js@1.2.1 OK for: postcss@8.4.31 want: ^1.0.2
298 silly placeDep ROOT scheduler@0.27.0 OK for: react-dom@19.2.4 want: ^0.27.0
299 silly placeDep ROOT @img/colour@1.1.0 OK for: sharp@0.34.5 want: ^1.0.0
300 silly placeDep ROOT @img/sharp-darwin-arm64@0.34.5 OK for: sharp@0.34.5 want: 0.34.5
301 silly placeDep ROOT @img/sharp-darwin-x64@0.34.5 OK for: sharp@0.34.5 want: 0.34.5
302 silly placeDep ROOT @img/sharp-libvips-darwin-arm64@1.2.4 OK for: sharp@0.34.5 want: 1.2.4
303 silly placeDep ROOT @img/sharp-libvips-darwin-x64@1.2.4 OK for: sharp@0.34.5 want: 1.2.4
304 silly placeDep ROOT @img/sharp-libvips-linux-arm@1.2.4 OK for: sharp@0.34.5 want: 1.2.4
305 silly placeDep ROOT @img/sharp-libvips-linux-arm64@1.2.4 OK for: sharp@0.34.5 want: 1.2.4
306 silly placeDep ROOT @img/sharp-libvips-linux-ppc64@1.2.4 OK for: sharp@0.34.5 want: 1.2.4
307 silly placeDep ROOT @img/sharp-libvips-linux-riscv64@1.2.4 OK for: sharp@0.34.5 want: 1.2.4
308 silly placeDep ROOT @img/sharp-libvips-linux-s390x@1.2.4 OK for: sharp@0.34.5 want: 1.2.4
309 silly placeDep ROOT @img/sharp-libvips-linux-x64@1.2.4 OK for: sharp@0.34.5 want: 1.2.4
310 silly placeDep ROOT @img/sharp-libvips-linuxmusl-arm64@1.2.4 OK for: sharp@0.34.5 want: 1.2.4
311 silly placeDep ROOT @img/sharp-libvips-linuxmusl-x64@1.2.4 OK for: sharp@0.34.5 want: 1.2.4
312 silly placeDep ROOT @img/sharp-linux-arm@0.34.5 OK for: sharp@0.34.5 want: 0.34.5
313 silly placeDep ROOT @img/sharp-linux-arm64@0.34.5 OK for: sharp@0.34.5 want: 0.34.5
314 silly placeDep ROOT @img/sharp-linux-ppc64@0.34.5 OK for: sharp@0.34.5 want: 0.34.5
315 silly placeDep ROOT @img/sharp-linux-riscv64@0.34.5 OK for: sharp@0.34.5 want: 0.34.5
316 silly placeDep ROOT @img/sharp-linux-s390x@0.34.5 OK for: sharp@0.34.5 want: 0.34.5
317 silly placeDep ROOT @img/sharp-linux-x64@0.34.5 OK for: sharp@0.34.5 want: 0.34.5
318 silly placeDep ROOT @img/sharp-linuxmusl-arm64@0.34.5 OK for: sharp@0.34.5 want: 0.34.5
319 silly placeDep ROOT @img/sharp-linuxmusl-x64@0.34.5 OK for: sharp@0.34.5 want: 0.34.5
320 silly placeDep ROOT @img/sharp-wasm32@0.34.5 OK for: sharp@0.34.5 want: 0.34.5
321 silly placeDep ROOT @img/sharp-win32-arm64@0.34.5 OK for: sharp@0.34.5 want: 0.34.5
322 silly placeDep ROOT @img/sharp-win32-ia32@0.34.5 OK for: sharp@0.34.5 want: 0.34.5
323 silly placeDep ROOT @img/sharp-win32-x64@0.34.5 OK for: sharp@0.34.5 want: 0.34.5
324 silly placeDep ROOT detect-libc@2.1.2 OK for: sharp@0.34.5 want: ^2.1.2
325 silly placeDep ROOT semver@7.7.4 OK for: sharp@0.34.5 want: ^7.7.3
326 silly fetch manifest @emnapi/runtime@^1.7.0
327 silly packumentCache full:https://registry.npmmirror.com/@emnapi%2fruntime cache-miss
328 http fetch GET 200 https://registry.npmmirror.com/@emnapi%2fruntime 48ms (cache miss)
329 silly packumentCache full:https://registry.npmmirror.com/@emnapi%2fruntime set size:25537 disposed:false
330 silly placeDep ROOT @emnapi/runtime@1.9.0 OK for: @img/sharp-wasm32@0.34.5 want: ^1.7.0
331 silly placeDep ROOT client-only@0.0.1 OK for: styled-jsx@5.1.6 want: 0.0.1
332 silly reify moves {}
333 silly reify mark deleted [
333 silly reify   '/Users/mustakimshaikh/Downloads/code_front/tiny-nest-app/node_modules/@next/swc-darwin-arm64'
333 silly reify ]
334 silly reify mark deleted [
334 silly reify   '/Users/mustakimshaikh/Downloads/code_front/tiny-nest-app/node_modules/@next/swc-darwin-x64'
334 silly reify ]
335 silly reify mark deleted [
335 silly reify   '/Users/mustakimshaikh/Downloads/code_front/tiny-nest-app/node_modules/@next/swc-linux-arm64-gnu'
335 silly reify ]
336 silly reify mark deleted [
336 silly reify   '/Users/mustakimshaikh/Downloads/code_front/tiny-nest-app/node_modules/@next/swc-linux-arm64-musl'
336 silly reify ]
337 silly reify mark deleted [
337 silly reify   '/Users/mustakimshaikh/Downloads/code_front/tiny-nest-app/node_modules/@next/swc-linux-x64-gnu'
337 silly reify ]
338 silly reify mark deleted [
338 silly reify   '/Users/mustakimshaikh/Downloads/code_front/tiny-nest-app/node_modules/@next/swc-linux-x64-musl'
338 silly reify ]
339 silly reify mark deleted [
339 silly reify   '/Users/mustakimshaikh/Downloads/code_front/tiny-nest-app/node_modules/@next/swc-win32-arm64-msvc'
339 silly reify ]
340 silly reify mark deleted [
340 silly reify   '/Users/mustakimshaikh/Downloads/code_front/tiny-nest-app/node_modules/@next/swc-win32-x64-msvc'
340 silly reify ]
341 silly reify mark deleted [
341 silly reify   '/Users/mustakimshaikh/Downloads/code_front/tiny-nest-app/node_modules/sharp'
341 silly reify ]
342 silly reify mark deleted [
342 silly reify   '/Users/mustakimshaikh/Downloads/code_front/tiny-nest-app/node_modules/@img/colour'
342 silly reify ]
343 silly reify mark deleted [
343 silly reify   '/Users/mustakimshaikh/Downloads/code_front/tiny-nest-app/node_modules/@img/sharp-darwin-arm64'
343 silly reify ]
344 silly reify mark deleted [
344 silly reify   '/Users/mustakimshaikh/Downloads/code_front/tiny-nest-app/node_modules/@img/sharp-darwin-x64'
344 silly reify ]
345 silly reify mark deleted [
345 silly reify   '/Users/mustakimshaikh/Downloads/code_front/tiny-nest-app/node_modules/@img/sharp-libvips-darwin-arm64'
345 silly reify ]
346 silly reify mark deleted [
346 silly reify   '/Users/mustakimshaikh/Downloads/code_front/tiny-nest-app/node_modules/@img/sharp-libvips-darwin-x64'
346 silly reify ]
347 silly reify mark deleted [
347 silly reify   '/Users/mustakimshaikh/Downloads/code_front/tiny-nest-app/node_modules/@img/sharp-libvips-linux-arm'
347 silly reify ]
348 silly reify mark deleted [
348 silly reify   '/Users/mustakimshaikh/Downloads/code_front/tiny-nest-app/node_modules/@img/sharp-libvips-linux-arm64'
348 silly reify ]
349 silly reify mark deleted [
349 silly reify   '/Users/mustakimshaikh/Downloads/code_front/tiny-nest-app/node_modules/@img/sharp-libvips-linux-ppc64'
349 silly reify ]
350 silly reify mark deleted [
350 silly reify   '/Users/mustakimshaikh/Downloads/code_front/tiny-nest-app/node_modules/@img/sharp-libvips-linux-riscv64'
350 silly reify ]
351 silly reify mark deleted [
351 silly reify   '/Users/mustakimshaikh/Downloads/code_front/tiny-nest-app/node_modules/@img/sharp-libvips-linux-s390x'
351 silly reify ]
352 silly reify mark deleted [
352 silly reify   '/Users/mustakimshaikh/Downloads/code_front/tiny-nest-app/node_modules/@img/sharp-libvips-linux-x64'
352 silly reify ]
353 silly reify mark deleted [
353 silly reify   '/Users/mustakimshaikh/Downloads/code_front/tiny-nest-app/node_modules/@img/sharp-libvips-linuxmusl-arm64'
353 silly reify ]
354 silly reify mark deleted [
354 silly reify   '/Users/mustakimshaikh/Downloads/code_front/tiny-nest-app/node_modules/@img/sharp-libvips-linuxmusl-x64'
354 silly reify ]
355 silly reify mark deleted [
355 silly reify   '/Users/mustakimshaikh/Downloads/code_front/tiny-nest-app/node_modules/@img/sharp-linux-arm'
355 silly reify ]
356 silly reify mark deleted [
356 silly reify   '/Users/mustakimshaikh/Downloads/code_front/tiny-nest-app/node_modules/@img/sharp-linux-arm64'
356 silly reify ]
357 silly reify mark deleted [
357 silly reify   '/Users/mustakimshaikh/Downloads/code_front/tiny-nest-app/node_modules/@img/sharp-linux-ppc64'
357 silly reify ]
358 silly reify mark deleted [
358 silly reify   '/Users/mustakimshaikh/Downloads/code_front/tiny-nest-app/node_modules/@img/sharp-linux-riscv64'
358 silly reify ]
359 silly reify mark deleted [
359 silly reify   '/Users/mustakimshaikh/Downloads/code_front/tiny-nest-app/node_modules/@img/sharp-linux-s390x'
359 silly reify ]
360 silly reify mark deleted [
360 silly reify   '/Users/mustakimshaikh/Downloads/code_front/tiny-nest-app/node_modules/@img/sharp-linux-x64'
360 silly reify ]
361 silly reify mark deleted [
361 silly reify   '/Users/mustakimshaikh/Downloads/code_front/tiny-nest-app/node_modules/@img/sharp-linuxmusl-arm64'
361 silly reify ]
362 silly reify mark deleted [
362 silly reify   '/Users/mustakimshaikh/Downloads/code_front/tiny-nest-app/node_modules/@img/sharp-linuxmusl-x64'
362 silly reify ]
363 silly reify mark deleted [
363 silly reify   '/Users/mustakimshaikh/Downloads/code_front/tiny-nest-app/node_modules/@img/sharp-wasm32'
363 silly reify ]
364 silly reify mark deleted [
364 silly reify   '/Users/mustakimshaikh/Downloads/code_front/tiny-nest-app/node_modules/@img/sharp-win32-arm64'
364 silly reify ]
365 silly reify mark deleted [
365 silly reify   '/Users/mustakimshaikh/Downloads/code_front/tiny-nest-app/node_modules/@img/sharp-win32-ia32'
365 silly reify ]
366 silly reify mark deleted [
366 silly reify   '/Users/mustakimshaikh/Downloads/code_front/tiny-nest-app/node_modules/@img/sharp-win32-x64'
366 silly reify ]
367 silly reify mark deleted [
367 silly reify   '/Users/mustakimshaikh/Downloads/code_front/tiny-nest-app/node_modules/detect-libc'
367 silly reify ]
368 silly reify mark deleted [
368 silly reify   '/Users/mustakimshaikh/Downloads/code_front/tiny-nest-app/node_modules/semver',
368 silly reify   '/Users/mustakimshaikh/Downloads/code_front/tiny-nest-app/node_modules/.bin/semver'
368 silly reify ]
369 silly reify mark deleted [
369 silly reify   '/Users/mustakimshaikh/Downloads/code_front/tiny-nest-app/node_modules/@emnapi/runtime'
369 silly reify ]
370 silly audit bulk request {
370 silly audit   clsx: [ '2.1.1' ],
370 silly audit   jose: [ '6.2.2' ],
370 silly audit   lowdb: [ '7.0.1' ],
370 silly audit   'lucide-react': [ '0.577.0' ],
370 silly audit   next: [ '16.2.0' ],
370 silly audit   react: [ '19.2.4' ],
370 silly audit   'react-dom': [ '19.2.4' ],
370 silly audit   'tailwind-merge': [ '3.5.0' ],
370 silly audit   steno: [ '4.0.2' ],
370 silly audit   '@next/env': [ '16.2.0' ],
370 silly audit   '@swc/helpers': [ '0.5.15' ],
370 silly audit   'baseline-browser-mapping': [ '2.10.8' ],
370 silly audit   'caniuse-lite': [ '1.0.30001780' ],
370 silly audit   postcss: [ '8.4.31' ],
370 silly audit   'styled-jsx': [ '5.1.6' ],
370 silly audit   tslib: [ '2.8.1' ],
370 silly audit   nanoid: [ '3.3.11' ],
370 silly audit   picocolors: [ '1.1.1' ],
370 silly audit   'source-map-js': [ '1.2.1' ],
370 silly audit   scheduler: [ '0.27.0' ],
370 silly audit   'client-only': [ '0.0.1' ]
370 silly audit }
371 silly tarball no local data for scheduler@https://registry.npmmirror.com/scheduler/-/scheduler-0.27.0.tgz. Extracting by manifest.
372 silly tarball no local data for client-only@https://registry.npmmirror.com/client-only/-/client-only-0.0.1.tgz. Extracting by manifest.
373 silly tarball no local data for source-map-js@https://registry.npmmirror.com/source-map-js/-/source-map-js-1.2.1.tgz. Extracting by manifest.
374 silly tarball no local data for nanoid@https://registry.npmmirror.com/nanoid/-/nanoid-3.3.11.tgz. Extracting by manifest.
375 silly tarball no local data for tslib@https://registry.npmmirror.com/tslib/-/tslib-2.8.1.tgz. Extracting by manifest.
376 silly tarball no local data for styled-jsx@https://registry.npmmirror.com/styled-jsx/-/styled-jsx-5.1.6.tgz. Extracting by manifest.
377 silly tarball no local data for caniuse-lite@https://registry.npmmirror.com/caniuse-lite/-/caniuse-lite-1.0.30001780.tgz. Extracting by manifest.
378 silly tarball no local data for postcss@https://registry.npmmirror.com/postcss/-/postcss-8.4.31.tgz. Extracting by manifest.
379 silly tarball no local data for baseline-browser-mapping@https://registry.npmmirror.com/baseline-browser-mapping/-/baseline-browser-mapping-2.10.8.tgz. Extracting by manifest.
380 silly tarball no local data for @swc/helpers@https://registry.npmmirror.com/@swc/helpers/-/helpers-0.5.15.tgz. Extracting by manifest.
381 silly tarball no local data for @next/env@https://registry.npmmirror.com/@next/env/-/env-16.2.0.tgz. Extracting by manifest.
382 silly tarball no local data for steno@https://registry.npmmirror.com/steno/-/steno-4.0.2.tgz. Extracting by manifest.
383 silly tarball no local data for tailwind-merge@https://registry.npmmirror.com/tailwind-merge/-/tailwind-merge-3.5.0.tgz. Extracting by manifest.
384 silly tarball no local data for react-dom@https://registry.npmmirror.com/react-dom/-/react-dom-19.2.4.tgz. Extracting by manifest.
385 silly tarball no local data for react@https://registry.npmmirror.com/react/-/react-19.2.4.tgz. Extracting by manifest.
386 silly tarball no local data for next@https://registry.npmmirror.com/next/-/next-16.2.0.tgz. Extracting by manifest.
387 silly tarball no local data for lucide-react@https://registry.npmmirror.com/lucide-react/-/lucide-react-0.577.0.tgz. Extracting by manifest.
388 silly tarball no local data for lowdb@https://registry.npmmirror.com/lowdb/-/lowdb-7.0.1.tgz. Extracting by manifest.
389 silly tarball no local data for jose@https://registry.npmmirror.com/jose/-/jose-6.2.2.tgz. Extracting by manifest.
390 silly tarball no local data for clsx@https://registry.npmmirror.com/clsx/-/clsx-2.1.1.tgz. Extracting by manifest.
391 silly tarball no local data for picocolors@https://registry.npmmirror.com/picocolors/-/picocolors-1.1.1.tgz. Extracting by manifest.
392 http fetch POST 404 https://registry.npmmirror.com/-/npm/v1/security/advisories/bulk 39ms
393 silly audit bulk request failed [object Object]
394 http fetch POST 404 https://registry.npmmirror.com/-/npm/v1/security/audits/quick 527ms
395 verbose audit error HttpErrorGeneral: 404 Not Found - POST https://registry.npmmirror.com/-/npm/v1/security/audits/quick - [NOT_IMPLEMENTED] /-/npm/v1/security/* not implemented yet
395 verbose audit error     at /Users/mustakimshaikh/.nvm/versions/node/v20.20.0/lib/node_modules/npm/node_modules/npm-registry-fetch/lib/check-response.js:95:15
395 verbose audit error     at process.processTicksAndRejections (node:internal/process/task_queues:95:5)
395 verbose audit error     at async [getReport] (/Users/mustakimshaikh/.nvm/versions/node/v20.20.0/lib/node_modules/npm/node_modules/@npmcli/arborist/lib/audit-report.js:336:21)
395 verbose audit error     at async AuditReport.run (/Users/mustakimshaikh/.nvm/versions/node/v20.20.0/lib/node_modules/npm/node_modules/@npmcli/arborist/lib/audit-report.js:106:19) {
395 verbose audit error   headers: [Object: null prototype] {
395 verbose audit error     server: [ 'Tengine' ],
395 verbose audit error     date: [ 'Thu, 19 Mar 2026 04:17:53 GMT' ],
395 verbose audit error     'content-type': [ 'application/json' ],
395 verbose audit error     'transfer-encoding': [ 'chunked' ],
395 verbose audit error     connection: [ 'keep-alive' ],
395 verbose audit error     'strict-transport-security': [ 'max-age=5184000' ],
395 verbose audit error     via: [ 'cache11.in9[,404666]' ],
395 verbose audit error     'timing-allow-origin': [ '*' ],
395 verbose audit error     eagleid: [ '81e3ce9f17738938735785597e' ],
395 verbose audit error     'x-fetch-attempts': [ '1' ]
395 verbose audit error   },
395 verbose audit error   statusCode: 404,
395 verbose audit error   code: 'E404',
395 verbose audit error   method: 'POST',
395 verbose audit error   uri: 'https://registry.npmmirror.com/-/npm/v1/security/audits/quick',
395 verbose audit error   body: {
395 verbose audit error     error: '[NOT_IMPLEMENTED] /-/npm/v1/security/* not implemented yet'
395 verbose audit error   },
395 verbose audit error   pkgid: undefined
395 verbose audit error }
396 silly audit error [object Object]
397 silly audit report null
398 http fetch GET 200 https://cdn.npmmirror.com/packages/client-only/0.0.1/client-only-0.0.1.tgz 1090ms (cache miss)
399 http fetch GET 200 https://cdn.npmmirror.com/packages/nanoid/3.3.11/nanoid-3.3.11.tgz 1092ms (cache miss)
400 http fetch GET 200 https://cdn.npmmirror.com/packages/scheduler/0.27.0/scheduler-0.27.0.tgz 1094ms (cache miss)
401 http fetch GET 200 https://cdn.npmmirror.com/packages/steno/4.0.2/steno-4.0.2.tgz 1095ms (cache miss)
402 http fetch GET 200 https://cdn.npmmirror.com/packages/tslib/2.8.1/tslib-2.8.1.tgz 1103ms (cache miss)
403 http fetch GET 200 https://cdn.npmmirror.com/packages/source-map-js/1.2.1/source-map-js-1.2.1.tgz 1125ms (cache miss)
404 http fetch GET 200 https://cdn.npmmirror.com/packages/%40next/env/16.2.0/env-16.2.0.tgz 1125ms (cache miss)
405 http fetch GET 200 https://cdn.npmmirror.com/packages/react/19.2.4/react-19.2.4.tgz 1124ms (cache miss)
406 http fetch GET 200 https://cdn.npmmirror.com/packages/picocolors/1.1.1/picocolors-1.1.1.tgz 1139ms (cache miss)
407 http fetch GET 200 https://cdn.npmmirror.com/packages/clsx/2.1.1/clsx-2.1.1.tgz 1165ms (cache miss)
408 http fetch GET 200 https://cdn.npmmirror.com/packages/baseline-browser-mapping/2.10.8/baseline-browser-mapping-2.10.8.tgz 1196ms (cache miss)
409 http fetch GET 200 https://cdn.npmmirror.com/packages/styled-jsx/5.1.6/styled-jsx-5.1.6.tgz 1212ms (cache miss)
410 http fetch GET 200 https://cdn.npmmirror.com/packages/jose/6.2.2/jose-6.2.2.tgz 1229ms (cache miss)
411 http fetch GET 200 https://cdn.npmmirror.com/packages/tailwind-merge/3.5.0/tailwind-merge-3.5.0.tgz 1252ms (cache miss)
412 http fetch GET 200 https://cdn.npmmirror.com/packages/postcss/8.4.31/postcss-8.4.31.tgz 1284ms (cache miss)
413 http fetch GET 200 https://cdn.npmmirror.com/packages/lowdb/7.0.1/lowdb-7.0.1.tgz 1300ms (cache miss)
414 http fetch GET 200 https://cdn.npmmirror.com/packages/%40swc/helpers/0.5.15/helpers-0.5.15.tgz 1361ms (cache miss)
415 http fetch GET 200 https://cdn.npmmirror.com/packages/caniuse-lite/1.0.30001780/caniuse-lite-1.0.30001780.tgz 1441ms (cache miss)
416 http fetch GET 200 https://cdn.npmmirror.com/packages/react-dom/19.2.4/react-dom-19.2.4.tgz 1514ms (cache miss)
417 http fetch GET 200 https://cdn.npmmirror.com/packages/lucide-react/0.577.0/lucide-react-0.577.0.tgz 1825ms (cache miss)
418 http fetch GET 200 https://cdn.npmmirror.com/packages/next/16.2.0/next-16.2.0.tgz 5337ms (cache miss)
419 silly ADD node_modules/client-only
420 silly ADD
421 silly ADD
422 silly ADD
423 silly ADD
424 silly ADD
425 silly ADD
426 silly ADD
427 silly ADD
428 silly ADD
429 silly ADD
430 silly ADD
431 silly ADD
432 silly ADD
433 silly ADD
434 silly ADD
435 silly ADD
436 silly ADD
437 silly ADD
438 silly ADD
439 silly ADD
440 silly ADD
441 silly ADD
442 silly ADD
443 silly ADD
444 silly ADD
445 silly ADD
446 silly ADD
447 silly ADD
448 silly ADD node_modules/scheduler
449 silly ADD node_modules/source-map-js
450 silly ADD node_modules/picocolors
451 silly ADD node_modules/nanoid
452 silly ADD node_modules/tslib
453 silly ADD node_modules/styled-jsx
454 silly ADD
455 silly ADD node_modules/postcss
456 silly ADD node_modules/caniuse-lite
457 silly ADD node_modules/baseline-browser-mapping
458 silly ADD node_modules/@swc/helpers
459 silly ADD
460 silly ADD
461 silly ADD
462 silly ADD
463 silly ADD
464 silly ADD
465 silly ADD
466 silly ADD
467 silly ADD node_modules/@next/env
468 silly ADD node_modules/steno
469 silly ADD node_modules/tailwind-merge
470 silly ADD node_modules/react-dom
471 silly ADD node_modules/react
472 silly ADD node_modules/next
473 silly ADD node_modules/lucide-react
474 silly ADD node_modules/lowdb
475 silly ADD node_modules/jose
476 silly ADD node_modules/clsx
477 verbose cwd /Users/mustakimshaikh/Downloads/code_front/tiny-nest-app
478 verbose os Darwin 25.3.0
479 verbose node v20.20.0
480 verbose npm  v10.8.2
481 notice
481 notice New [31mmajor[39m version of npm available! [31m10.8.2[39m -> [34m11.12.0[39m
481 notice Changelog: [34mhttps://github.com/npm/cli/releases/tag/v11.12.0[39m
481 notice To update run: [4mnpm install -g npm@11.12.0[24m
481 notice  { force: true, [Symbol(proc-log.meta)]: true }
482 verbose exit 0
483 info ok
